<?xml version="1.0" encoding="UTF-8"?>
<!-- Generated by org.testng.reporters.JUnitReportReporter -->
<testsuite skipped="0" hostname="Administrators-MacBook-Pro-9.local" name="com.hubspot.qa.tests.ContactsPageTest" tests="6" failures="0" timestamp="31 Oct 2018 02:42:04 GMT" time="135.596" errors="0">
  <testcase name="createContactTest" time="22.801" classname="com.hubspot.qa.tests.ContactsPageTest"/>
  <testcase name="createContactTest" time="22.711" classname="com.hubspot.qa.tests.ContactsPageTest"/>
  <testcase name="createContactTest" time="23.017" classname="com.hubspot.qa.tests.ContactsPageTest"/>
  <testcase name="createContactTest" time="21.312" classname="com.hubspot.qa.tests.ContactsPageTest"/>
  <testcase name="createContactTest" time="21.856" classname="com.hubspot.qa.tests.ContactsPageTest"/>
  <testcase name="createContactTest" time="23.899" classname="com.hubspot.qa.tests.ContactsPageTest"/>
</testsuite> <!-- com.hubspot.qa.tests.ContactsPageTest -->
