<?xml version="1.0" encoding="UTF-8"?>
<!-- Generated by org.testng.reporters.JUnitReportReporter -->
<testsuite skipped="0" hostname="Administrators-MacBook-Pro-9.local" name="com.hubspot.qa.tests.HomePageTest" tests="1" failures="0" timestamp="30 Oct 2018 02:40:24 GMT" time="12.809" errors="0">
  <testcase name="accountNameTest" time="12.809" classname="com.hubspot.qa.tests.HomePageTest"/>
</testsuite> <!-- com.hubspot.qa.tests.HomePageTest -->
