<?xml version="1.0" encoding="UTF-8"?>
<!-- Generated by org.testng.reporters.JUnitReportReporter -->
<testsuite skipped="0" hostname="Administrators-MacBook-Pro-9.local" name="com.hubspot.qa.tests.LoginTest" tests="2" failures="0" timestamp="28 Oct 2018 03:06:39 GMT" time="11.265" errors="0">
  <testcase name="verifyLoginPageTitleTest" time="4.779" classname="com.hubspot.qa.tests.LoginTest"/>
  <testcase name="loginTest" time="6.486" classname="com.hubspot.qa.tests.LoginTest"/>
</testsuite> <!-- com.hubspot.qa.tests.LoginTest -->
